# JRE version: OpenJDK Runtime Environment (17.0.11) (build 17.0.11+0--11852314)
# Java VM: OpenJDK 64-Bit Server VM (17.0.11+0--11852314, mixed mode, tiered, compressed oops, compressed class ptrs, g1 gc, windows-amd64)
GC Precious Log:
 CPUs: 8 total, 8 available
 Memory: 15931M
 Large Page Support: Disabled
 NUMA Support: Disabled
 Compressed Oops: Enabled (32-bit)
 Heap Region Size: 1M
 Heap Min Capacity: 8M
 Heap Initial Capacity: 250M
 Heap Max Capacity: 2G
 Pre-touch: Disabled
 Parallel Workers: 8
 Concurrent Workers: 2
 Concurrent Refinement Workers: 8
 Periodic GC: Disabled
Heap:
 garbage-first heap   total 429056K, used 237545K [0x0000000080000000, 0x0000000100000000)
  region size 1024K, 13 young (13312K), 13 survivors (13312K)
 Metaspace       used 124916K, committed 125696K, reserved 1179648K
  class space    used 17464K, committed 17856K, reserved 1048576K
GC Heap History (20 events):
Event: 13.467 GC heap after
{Heap after GC invocations=28 (full 0):
 garbage-first heap   total 219136K, used 97337K [0x0000000080000000, 0x0000000100000000)
  region size 1024K, 8 young (8192K), 8 survivors (8192K)
 Metaspace       used 99859K, committed 100544K, reserved 1179648K
  class space    used 13782K, committed 14144K, reserved 1048576K
}
Event: 14.233 GC heap before
{Heap before GC invocations=28 (full 0):
 garbage-first heap   total 219136K, used 165945K [0x0000000080000000, 0x0000000100000000)
  region size 1024K, 72 young (73728K), 8 survivors (8192K)
 Metaspace       used 104720K, committed 105408K, reserved 1179648K
  class space    used 14363K, committed 14720K, reserved 1048576K
}
Event: 14.243 GC heap after
{Heap after GC invocations=29 (full 0):
 garbage-first heap   total 219136K, used 104185K [0x0000000080000000, 0x0000000100000000)
  region size 1024K, 11 young (11264K), 11 survivors (11264K)
 Metaspace       used 104720K, committed 105408K, reserved 1179648K
  class space    used 14363K, committed 14720K, reserved 1048576K
}
Event: 14.890 GC heap before
{Heap before GC invocations=30 (full 0):
 garbage-first heap   total 219136K, used 177913K [0x0000000080000000, 0x0000000100000000)
  region size 1024K, 83 young (84992K), 11 survivors (11264K)
 Metaspace       used 105837K, committed 106496K, reserved 1179648K
  class space    used 14504K, committed 14848K, reserved 1048576K
}
Event: 14.901 GC heap after
{Heap after GC invocations=31 (full 0):
 garbage-first heap   total 219136K, used 110644K [0x0000000080000000, 0x0000000100000000)
  region size 1024K, 7 young (7168K), 7 survivors (7168K)
 Metaspace       used 105837K, committed 106496K, reserved 1179648K
  class space    used 14504K, committed 14848K, reserved 1048576K
}
Event: 14.913 GC heap before
{Heap before GC invocations=31 (full 0):
 garbage-first heap   total 219136K, used 113716K [0x0000000080000000, 0x0000000100000000)
  region size 1024K, 10 young (10240K), 7 survivors (7168K)
 Metaspace       used 105846K, committed 106560K, reserved 1179648K
  class space    used 14504K, committed 14848K, reserved 1048576K
}
Event: 14.917 GC heap after
{Heap after GC invocations=32 (full 0):
 garbage-first heap   total 219136K, used 109266K [0x0000000080000000, 0x0000000100000000)
  region size 1024K, 2 young (2048K), 2 survivors (2048K)
 Metaspace       used 105846K, committed 106560K, reserved 1179648K
  class space    used 14504K, committed 14848K, reserved 1048576K
}
Event: 15.405 GC heap before
{Heap before GC invocations=32 (full 0):
 garbage-first heap   total 219136K, used 178898K [0x0000000080000000, 0x0000000100000000)
  region size 1024K, 70 young (71680K), 2 survivors (2048K)
 Metaspace       used 106849K, committed 107584K, reserved 1179648K
  class space    used 14656K, committed 15040K, reserved 1048576K
}
Event: 15.412 GC heap after
{Heap after GC invocations=33 (full 0):
 garbage-first heap   total 429056K, used 114347K [0x0000000080000000, 0x0000000100000000)
  region size 1024K, 7 young (7168K), 7 survivors (7168K)
 Metaspace       used 106849K, committed 107584K, reserved 1179648K
  class space    used 14656K, committed 15040K, reserved 1048576K
}
Event: 16.226 GC heap before
{Heap before GC invocations=34 (full 0):
 garbage-first heap   total 429056K, used 330411K [0x0000000080000000, 0x0000000100000000)
  region size 1024K, 219 young (224256K), 7 survivors (7168K)
 Metaspace       used 114734K, committed 115456K, reserved 1179648K
  class space    used 15836K, committed 16192K, reserved 1048576K
}
Event: 16.243 GC heap after
{Heap after GC invocations=35 (full 0):
 garbage-first heap   total 429056K, used 144423K [0x0000000080000000, 0x0000000100000000)
  region size 1024K, 28 young (28672K), 28 survivors (28672K)
 Metaspace       used 114734K, committed 115456K, reserved 1179648K
  class space    used 15836K, committed 16192K, reserved 1048576K
}
Event: 16.248 GC heap before
{Heap before GC invocations=35 (full 0):
 garbage-first heap   total 429056K, used 145447K [0x0000000080000000, 0x0000000100000000)
  region size 1024K, 29 young (29696K), 28 survivors (28672K)
 Metaspace       used 114734K, committed 115456K, reserved 1179648K
  class space    used 15836K, committed 16192K, reserved 1048576K
}
Event: 16.259 GC heap after
{Heap after GC invocations=36 (full 0):
 garbage-first heap   total 429056K, used 146045K [0x0000000080000000, 0x0000000100000000)
  region size 1024K, 4 young (4096K), 4 survivors (4096K)
 Metaspace       used 114734K, committed 115456K, reserved 1179648K
  class space    used 15836K, committed 16192K, reserved 1048576K
}
Event: 16.531 GC heap before
{Heap before GC invocations=36 (full 0):
 garbage-first heap   total 429056K, used 306813K [0x0000000080000000, 0x0000000100000000)
  region size 1024K, 161 young (164864K), 4 survivors (4096K)
 Metaspace       used 118394K, committed 119168K, reserved 1179648K
  class space    used 16427K, committed 16768K, reserved 1048576K
}
Event: 16.553 GC heap after
{Heap after GC invocations=37 (full 0):
 garbage-first heap   total 429056K, used 169984K [0x0000000080000000, 0x0000000100000000)
  region size 1024K, 21 young (21504K), 21 survivors (21504K)
 Metaspace       used 118394K, committed 119168K, reserved 1179648K
  class space    used 16427K, committed 16768K, reserved 1048576K
}
Event: 16.850 GC heap before
{Heap before GC invocations=37 (full 0):
 garbage-first heap   total 429056K, used 319488K [0x0000000080000000, 0x0000000100000000)
  region size 1024K, 167 young (171008K), 21 survivors (21504K)
 Metaspace       used 122037K, committed 122880K, reserved 1179648K
  class space    used 17024K, committed 17472K, reserved 1048576K
}
Event: 16.882 GC heap after
{Heap after GC invocations=38 (full 0):
 garbage-first heap   total 429056K, used 197038K [0x0000000080000000, 0x0000000100000000)
  region size 1024K, 21 young (21504K), 21 survivors (21504K)
 Metaspace       used 122037K, committed 122880K, reserved 1179648K
  class space    used 17024K, committed 17472K, reserved 1048576K
}
Event: 17.189 GC heap before
{Heap before GC invocations=38 (full 0):
 garbage-first heap   total 429056K, used 328110K [0x0000000080000000, 0x0000000100000000)
  region size 1024K, 150 young (153600K), 21 survivors (21504K)
 Metaspace       used 124207K, committed 125056K, reserved 1179648K
  class space    used 17373K, committed 17792K, reserved 1048576K
}
Event: 17.217 GC heap after
{Heap after GC invocations=39 (full 0):
 garbage-first heap   total 429056K, used 222208K [0x0000000080000000, 0x0000000100000000)
  region size 1024K, 19 young (19456K), 19 survivors (19456K)
 Metaspace       used 124207K, committed 125056K, reserved 1179648K
  class space    used 17373K, committed 17792K, reserved 1048576K
}
Event: 17.445 GC heap before
{Heap before GC invocations=39 (full 0):
 garbage-first heap   total 429056K, used 336896K [0x0000000080000000, 0x0000000100000000)
  region size 1024K, 132 young (135168K), 19 survivors (19456K)
 Metaspace       used 124916K, committed 125696K, reserved 1179648K
  class space    used 17464K, committed 17856K, reserved 1048576K
}

